<?xml version="1.0" encoding="UTF-8"?>
<!-- Generated by org.testng.reporters.JUnitXMLReporter -->
<testsuite ignored="0" hostname="Sofians-MacBook-Air.local" failures="0" tests="2" name="Default test" time="6.924" errors="0" timestamp="2023-12-11T03:19:16 EST">
  <testcase classname="com.automation.three.selenium.framework.questions.TN_TestNG" name="tutorialsNinja" time="6.802"/>
  <testcase classname="com.automation.three.selenium.framework.questions.TN_TestNG" name="verifyingTitle" time="0.044"/>
</testsuite> <!-- Default test -->
