<?xml version="1.0" encoding="UTF-8"?>
<!-- Generated by org.testng.reporters.JUnitXMLReporter -->
<testsuite ignored="0" hostname="Sofians-MacBook-Air.local" failures="0" tests="2" name="Default test" time="15.299" errors="0" timestamp="2023-12-11T04:45:23 EST">
  <testcase classname="com.automation.three.selenium.framework.questions.TN_TestNG" name="login" time="1.918"/>
  <testcase classname="com.automation.three.selenium.framework.questions.TN_TestNG" name="verifyingTitle" time="0.032"/>
</testsuite> <!-- Default test -->
