<?xml version="1.0" encoding="UTF-8"?>
<testng-results ignored="0" total="2" passed="2" failed="0" skipped="0">
  <reporter-output>
  </reporter-output>
  <suite started-at="2023-12-11T04:45:08 EST" name="Default suite" finished-at="2023-12-11T04:45:23 EST" duration-ms="15299">
    <groups>
    </groups>
    <test started-at="2023-12-11T04:45:08 EST" name="Default test" finished-at="2023-12-11T04:45:23 EST" duration-ms="15299">
      <class name="com.automation.three.selenium.framework.questions.TN_TestNG">
        <test-method is-config="true" signature="tutorialsNinja()[pri:0, instance:com.automation.three.selenium.framework.questions.TN_TestNG@1151e434]" started-at="2023-12-11T04:45:08 EST" name="tutorialsNinja" finished-at="2023-12-11T04:45:15 EST" duration-ms="7137" status="PASS">
          <reporter-output>
          </reporter-output>
        </test-method> <!-- tutorialsNinja -->
        <test-method signature="login()[pri:0, instance:com.automation.three.selenium.framework.questions.TN_TestNG@1151e434]" started-at="2023-12-11T04:45:15 EST" name="login" finished-at="2023-12-11T04:45:17 EST" duration-ms="1918" status="PASS">
          <reporter-output>
          </reporter-output>
        </test-method> <!-- login -->
        <test-method is-config="true" signature="tearDown()[pri:0, instance:com.automation.three.selenium.framework.questions.TN_TestNG@1151e434]" started-at="2023-12-11T04:45:17 EST" name="tearDown" finished-at="2023-12-11T04:45:17 EST" duration-ms="146" status="PASS">
          <reporter-output>
          </reporter-output>
        </test-method> <!-- tearDown -->
        <test-method is-config="true" signature="tutorialsNinja()[pri:0, instance:com.automation.three.selenium.framework.questions.TN_TestNG@1151e434]" started-at="2023-12-11T04:45:17 EST" name="tutorialsNinja" finished-at="2023-12-11T04:45:23 EST" duration-ms="5837" status="PASS">
          <reporter-output>
          </reporter-output>
        </test-method> <!-- tutorialsNinja -->
        <test-method signature="verifyingTitle()[pri:0, instance:com.automation.three.selenium.framework.questions.TN_TestNG@1151e434]" started-at="2023-12-11T04:45:23 EST" name="verifyingTitle" finished-at="2023-12-11T04:45:23 EST" duration-ms="32" status="PASS">
          <reporter-output>
          </reporter-output>
        </test-method> <!-- verifyingTitle -->
        <test-method is-config="true" signature="tearDown()[pri:0, instance:com.automation.three.selenium.framework.questions.TN_TestNG@1151e434]" started-at="2023-12-11T04:45:23 EST" name="tearDown" finished-at="2023-12-11T04:45:23 EST" duration-ms="174" status="PASS">
          <reporter-output>
          </reporter-output>
        </test-method> <!-- tearDown -->
      </class> <!-- com.automation.three.selenium.framework.questions.TN_TestNG -->
    </test> <!-- Default test -->
  </suite> <!-- Default suite -->
</testng-results>
