<?xml version="1.0" encoding="UTF-8"?>
<testng-results ignored="0" total="2" passed="2" failed="0" skipped="0">
  <reporter-output>
  </reporter-output>
  <suite started-at="2023-12-11T03:19:09 EST" name="Default suite" finished-at="2023-12-11T03:19:16 EST" duration-ms="6924">
    <groups>
    </groups>
    <test started-at="2023-12-11T03:19:09 EST" name="Default test" finished-at="2023-12-11T03:19:16 EST" duration-ms="6924">
      <class name="com.automation.three.selenium.framework.questions.TN_TestNG">
        <test-method signature="tutorialsNinja()[pri:0, instance:com.automation.three.selenium.framework.questions.TN_TestNG@67f639d3]" started-at="2023-12-11T03:19:09 EST" name="tutorialsNinja" finished-at="2023-12-11T03:19:15 EST" duration-ms="6802" status="PASS">
          <reporter-output>
          </reporter-output>
        </test-method> <!-- tutorialsNinja -->
        <test-method signature="verifyingTitle()[pri:0, instance:com.automation.three.selenium.framework.questions.TN_TestNG@67f639d3]" started-at="2023-12-11T03:19:15 EST" name="verifyingTitle" finished-at="2023-12-11T03:19:16 EST" duration-ms="44" status="PASS">
          <reporter-output>
          </reporter-output>
        </test-method> <!-- verifyingTitle -->
      </class> <!-- com.automation.three.selenium.framework.questions.TN_TestNG -->
    </test> <!-- Default test -->
  </suite> <!-- Default suite -->
</testng-results>
